<?xml version="1.0" encoding="UTF-8"?>
<!-- Generated by org.testng.reporters.JUnitReportReporter -->
<testsuite skipped="0" hostname="ATMECSINLT-084" name="com.Selenium.Testscript.OrangehrmSampleTest" tests="2" failures="0" timestamp="28 Aug 2019 11:37:10 GMT" time="10.366" errors="0">
  <testcase name="xlxsTest" time="0.879" classname="com.Selenium.Testscript.OrangehrmSampleTest"/>
  <testcase name="test" time="9.487" classname="com.Selenium.Testscript.OrangehrmSampleTest"/>
</testsuite> <!-- com.Selenium.Testscript.OrangehrmSampleTest -->
