<?xml version="1.0" encoding="UTF-8"?>
<!-- Generated by org.testng.reporters.JUnitReportReporter -->
<testsuite skipped="0" hostname="ATMECSINLT-084" name="com.Selenium.Testscript.OrangeHrmMain$Orangehrm" tests="3" failures="0" timestamp="28 Aug 2019 12:52:32 GMT" time="71.602" errors="0">
  <testcase name="urltest" time="12.944" classname="com.Selenium.Testscript.OrangeHrmMain$Orangehrm"/>
  <testcase name="contactSales" time="3.096" classname="com.Selenium.Testscript.OrangeHrmMain$Orangehrm"/>
  <testcase name="textArea" time="55.562" classname="com.Selenium.Testscript.OrangeHrmMain$Orangehrm"/>
</testsuite> <!-- com.Selenium.Testscript.OrangeHrmMain$Orangehrm -->
